<?xml version="1.0" encoding="utf-8"?><testsuites name="pytest tests"><testsuite name="pytest" errors="0" failures="0" skipped="0" tests="27" time="37.940" timestamp="2026-07-03T21:40:44.600370+00:00" hostname="agent-env-3549eee1-e484-4fc9-acd1-106eaf438af3"><testcase classname="tests.test_bug009_cr042_cr043.TestExportAuth" name="test_missing_auth_rejected" time="4.735" /><testcase classname="tests.test_bug009_cr042_cr043.TestExportAuth" name="test_invalid_token_rejected" time="0.100" /><testcase classname="tests.test_bug009_cr042_cr043.TestExportFormat" name="test_format_pdf_returns_400" time="0.343" /><testcase classname="tests.test_bug009_cr042_cr043.TestExportFormat" name="test_format_missing_defaults_to_csv" time="1.767" /><testcase classname="tests.test_bug009_cr042_cr043.TestExportFormat" name="test_format_junk_returns_400" time="0.327" /><testcase classname="tests.test_bug009_cr042_cr043.TestExportCSV" name="test_csv_download_headers" time="0.811" /><testcase classname="tests.test_bug009_cr042_cr043.TestExportCSV" name="test_csv_has_exactly_12_columns_in_locked_order" time="0.819" /><testcase classname="tests.test_bug009_cr042_cr043.TestExportCSV" name="test_csv_row_count_matches_header" time="0.812" /><testcase classname="tests.test_bug009_cr042_cr043.TestExportCSV" name="test_csv_status_filter_honoured" time="0.560" /><testcase classname="tests.test_bug009_cr042_cr043.TestExportCSV" name="test_csv_zero_rows_still_has_header" time="0.580" /><testcase classname="tests.test_bug009_cr042_cr043.TestExportXLSX" name="test_xlsx_content_type_and_extension" time="0.850" /><testcase classname="tests.test_bug009_cr042_cr043.TestExportXLSX" name="test_xlsx_headers_row_has_orange_fill_and_white_bold_font" time="1.092" /><testcase classname="tests.test_bug009_cr042_cr043.TestExportRunAndCampaignFilter" name="test_run_id_filter_narrows_results" time="2.503" /><testcase classname="tests.test_bug009_cr042_cr043.TestExportRunAndCampaignFilter" name="test_message_logs_endpoint_supports_run_id_param" time="1.638" /><testcase classname="tests.test_bug009_cr042_cr043.TestExportRunAndCampaignFilter" name="test_message_logs_run_id_narrows_count" time="2.479" /><testcase classname="tests.test_bug009_cr042_cr043.TestTagsCatalog" name="test_tags_default_returns_string_array_backcompat" time="0.559" /><testcase classname="tests.test_bug009_cr042_cr043.TestTagsCatalog" name="test_tags_with_counts_returns_objects_sorted_desc" time="0.803" /><testcase classname="tests.test_bug009_cr042_cr043.TestTagsCatalog" name="test_tags_with_counts_includes_zero_count_catalog_tags" time="1.378" /><testcase classname="tests.test_bug009_cr042_cr043.TestCustomersTagFilter" name="test_customers_no_tag_filter_returns_all" time="1.069" /><testcase classname="tests.test_bug009_cr042_cr043.TestCustomersTagFilter" name="test_customers_empty_tags_param_is_noop" time="2.124" /><testcase classname="tests.test_bug009_cr042_cr043.TestCustomersTagFilter" name="test_customers_tag_any_mode" time="1.386" /><testcase classname="tests.test_bug009_cr042_cr043.TestCustomersTagFilter" name="test_customers_tag_all_mode_is_intersection" time="1.930" /><testcase classname="tests.test_bug009_cr042_cr043.TestCustomersTagFilter" name="test_customers_tag_mode_default_is_any" time="1.926" /><testcase classname="tests.test_bug009_cr042_cr043.TestCustomersTagFilter" name="test_customers_tags_non_existent_returns_zero" time="0.601" /><testcase classname="tests.test_bug009_cr042_cr043.TestTagRowEndpoints" name="test_add_and_remove_tag_roundtrip" time="4.991" /><testcase classname="tests.test_bug009_cr042_cr043.TestOtherFiltersRegression" name="test_customers_tier_filter_still_works" time="0.558" /><testcase classname="tests.test_bug009_cr042_cr043.TestOtherFiltersRegression" name="test_customers_type_filter_still_works" time="1.093" /></testsuite></testsuites>