<?xml version="1.0" encoding="utf-8"?><testsuites name="pytest tests"><testsuite name="pytest" errors="0" failures="0" skipped="0" tests="3" time="0.697" timestamp="2026-08-06T20:43:20.319019+00:00" hostname="agent-env-3c0b378c-1160-4f15-a366-1012800a6eaf"><testcase classname="tests.test_bug011_run_stats" name="test_augment_run_stats_computes_counts" time="0.207" /><testcase classname="tests.test_bug011_run_stats" name="test_augment_run_stats_legacy_campaign_id_field" time="0.001" /><testcase classname="tests.test_bug011_run_stats" name="test_augment_run_stats_empty_runs" time="0.000" /></testsuite></testsuites>