<?xml version="1.0" encoding="utf-8"?><testsuites name="pytest tests"><testsuite name="pytest" errors="0" failures="0" skipped="0" tests="14" time="70.113" timestamp="2026-07-06T09:19:52.845812+00:00" hostname="agent-env-aad35f4f-8bab-4a2e-b22b-1a4cc49e2670"><testcase classname="tests.test_cr033_034_037_sprint_closure.TestCR033AudienceFilters" name="test_T02_birthday_this_month" time="35.512" /><testcase classname="tests.test_cr033_034_037_sprint_closure.TestCR033AudienceFilters" name="test_T03_vip_only" time="0.512" /><testcase classname="tests.test_cr033_034_037_sprint_closure.TestCR033AudienceFilters" name="test_T04_whatsapp_opted_in" time="0.535" /><testcase classname="tests.test_cr033_034_037_sprint_closure.TestCR033AudienceFilters" name="test_T08_combined_tier_gold_and_last_visit_30" time="1.017" /><testcase classname="tests.test_cr033_034_037_sprint_closure.TestCR033AudienceFilters" name="test_T10_save_audience_with_gold" time="2.222" /><testcase classname="tests.test_cr033_034_037_sprint_closure.TestCR034Tags" name="test_T12_T13_add_tag_to_customer" time="2.236" /><testcase classname="tests.test_cr033_034_037_sprint_closure.TestCR034Tags" name="test_T14_remove_tag" time="2.183" /><testcase classname="tests.test_cr033_034_037_sprint_closure.TestCR034Tags" name="test_T15_tag_persists_on_get" time="2.714" /><testcase classname="tests.test_cr033_034_037_sprint_closure.TestCR034Tags" name="test_T16_audience_tags_filter_VIP" time="3.712" /><testcase classname="tests.test_cr033_034_037_sprint_closure.TestCR034Tags" name="test_T17_tags_any_vs_all" time="4.220" /><testcase classname="tests.test_cr033_034_037_sprint_closure.TestCR037TemplateStatusSync" name="test_authkey_templates_endpoint_reachable" time="0.508" /><testcase classname="tests.test_cr033_034_037_sprint_closure.TestCR037TemplateStatusSync" name="test_sync_preserves_rejected_status" time="10.721" /><testcase classname="tests.test_cr033_034_037_sprint_closure.TestCR037TemplateStatusSync" name="test_backend_guard_code_present" time="0.000" /><testcase classname="tests.test_cr033_034_037_sprint_closure.TestCR037TemplateStatusSync" name="test_frontend_submit_button_enabled_for_rejected" time="3.873" /></testsuite></testsuites>