<?xml version="1.0" encoding="utf-8"?><testsuites name="pytest tests"><testsuite name="pytest" errors="0" failures="1" skipped="0" tests="11" time="16.405" timestamp="2026-07-03T15:12:17.976612+00:00" hostname="agent-env-67d19726-d3c7-4a4a-940d-e8822f560f0d"><testcase classname="tests.test_cr039_webhook.TestLoginRegression" name="test_owner_login_returns_jwt" time="3.860" /><testcase classname="tests.test_cr039_webhook.TestNoLogid" name="test_missing_logid_returns_200_with_error" time="0.335" /><testcase classname="tests.test_cr039_webhook.TestNoLogid" name="test_missing_logid_persists_callback_log" time="1.431" /><testcase classname="tests.test_cr039_webhook.TestNoMatchingRow" name="test_synthetic_logid_no_matching_row" time="1.060" /><testcase classname="tests.test_cr039_webhook.TestAmbiguousRow" name="test_ambiguous_row_no_mutation" time="1.520" /><testcase classname="tests.test_cr039_webhook.TestCompositeLookupCorrectRow" name="test_correct_row_updated_others_untouched" time="1.927" /><testcase classname="tests.test_cr039_webhook.TestFormUrlEncoded" name="test_form_urlencoded_parsed_correctly" time="1.047" /><testcase classname="tests.test_cr039_webhook.TestDuplicateDelivered" name="test_duplicate_delivered_is_transition_ignored" time="1.537"><failure message="AssertionError: delivered_at was overwritten! before=2026-01-15T06:30:00+00:00 after=2026-01-16T06:30:00+00:00&#10;assert '2026-01-16T06:30:00+00:00' == '2026-01-15T06:30:00+00:00'&#10;  &#10;  - 2026-01-15T06:30:00+00:00&#10;  ?          ^&#10;  + 2026-01-16T06:30:00+00:00&#10;  ?          ^">tests/test_cr039_webhook.py:295: in test_duplicate_delivered_is_transition_ignored
    assert target_after.get("delivered_at") == delivered_at_before, (
E   AssertionError: delivered_at was overwritten! before=2026-01-15T06:30:00+00:00 after=2026-01-16T06:30:00+00:00
E   assert '2026-01-16T06:30:00+00:00' == '2026-01-15T06:30:00+00:00'
E     
E     - 2026-01-15T06:30:00+00:00
E     ?          ^
E     + 2026-01-16T06:30:00+00:00
E     ?          ^</failure></testcase><testcase classname="tests.test_cr039_webhook.TestFallbackNoMobile" name="test_no_mobile_falls_back_to_message_id_only" time="1.651" /><testcase classname="tests.test_cr039_webhook.TestPersistence" name="test_callback_log_has_all_required_fields" time="1.049" /><testcase classname="tests.test_cr039_webhook.TestUnknownStatus" name="test_unknown_status_returns_error_and_persists" time="0.810" /></testsuite></testsuites>