<?xml version="1.0" encoding="utf-8"?><testsuites name="pytest tests"><testsuite name="pytest" errors="0" failures="0" skipped="0" tests="19" time="22.375" timestamp="2026-07-04T07:04:03.208909+00:00" hostname="agent-env-3549eee1-e484-4fc9-acd1-106eaf438af3"><testcase classname="tests.test_cr035_customer_export_import.TestExport" name="test_export_csv_ok" time="5.456" /><testcase classname="tests.test_cr035_customer_export_import.TestExport" name="test_export_csv_tags_comma_joined" time="0.822" /><testcase classname="tests.test_cr035_customer_export_import.TestExport" name="test_export_xlsx_ok" time="0.873" /><testcase classname="tests.test_cr035_customer_export_import.TestExport" name="test_export_invalid_format" time="0.326" /><testcase classname="tests.test_cr035_customer_export_import.TestExport" name="test_export_no_auth" time="0.090" /><testcase classname="tests.test_cr035_customer_export_import.TestTemplate" name="test_template_csv" time="0.319" /><testcase classname="tests.test_cr035_customer_export_import.TestTemplate" name="test_template_xlsx" time="0.337" /><testcase classname="tests.test_cr035_customer_export_import.TestImportPreview" name="test_preview_valid_3row" time="2.960" /><testcase classname="tests.test_cr035_customer_export_import.TestImportPreview" name="test_preview_idempotent_no_db_write" time="1.600" /><testcase classname="tests.test_cr035_customer_export_import.TestImportPreview" name="test_preview_txt_rejected" time="0.335" /><testcase classname="tests.test_cr035_customer_export_import.TestImportPreview" name="test_preview_oversize_10mb" time="0.649" /><testcase classname="tests.test_cr035_customer_export_import.TestImportPreview" name="test_preview_5001_rows_rejected" time="0.454" /><testcase classname="tests.test_cr035_customer_export_import.TestImportExecute" name="test_import_execute_3row" time="1.718" /><testcase classname="tests.test_cr035_customer_export_import.TestImportExecute" name="test_new_customer_in_db" time="0.560" /><testcase classname="tests.test_cr035_customer_export_import.TestImportExecute" name="test_updated_customer_tags_additive_merge" time="0.588" /><testcase classname="tests.test_cr035_customer_export_import.TestImportExecute" name="test_tag_catalog_addToSet" time="0.791" /><testcase classname="tests.test_cr035_customer_export_import.TestImportHistory" name="test_history_returns_recent" time="0.564" /><testcase classname="tests.test_cr035_customer_export_import.TestRegression" name="test_list_customers" time="0.556" /><testcase classname="tests.test_cr035_customer_export_import.TestRegression" name="test_tags_with_counts" time="3.131" /></testsuite></testsuites>