<?xml version="1.0" encoding="utf-8"?><testsuites name="pytest tests"><testsuite name="pytest" errors="0" failures="0" skipped="0" tests="13" time="12.590" timestamp="2026-08-06T20:43:21.469477+00:00" hostname="agent-env-3c0b378c-1160-4f15-a366-1012800a6eaf"><testcase classname="tests.test_cr061_gate_removal" name="test_api_key_returns_crm_templates_enabled_flag" time="4.122" /><testcase classname="tests.test_cr061_gate_removal" name="test_upload_media_header_no_403" time="0.490" /><testcase classname="tests.test_cr061_gate_removal" name="test_upload_media_header_init_no_403" time="0.476" /><testcase classname="tests.test_cr061_gate_removal" name="test_upload_media_header_chunk_no_403" time="0.424" /><testcase classname="tests.test_cr061_gate_removal" name="test_upload_media_header_complete_no_403" time="0.502" /><testcase classname="tests.test_cr061_gate_removal" name="test_post_custom_templates_no_403" time="0.640" /><testcase classname="tests.test_cr061_gate_removal" name="test_put_custom_templates_no_403" time="0.883" /><testcase classname="tests.test_cr061_gate_removal" name="test_delete_custom_templates_no_403" time="1.224" /><testcase classname="tests.test_cr061_gate_removal" name="test_patch_custom_templates_labels_no_403" time="0.639" /><testcase classname="tests.test_cr061_gate_removal" name="test_submit_custom_template_no_403" time="0.636" /><testcase classname="tests.test_cr061_gate_removal" name="test_meta_create_template_no_403" time="0.735" /><testcase classname="tests.test_cr061_gate_removal" name="test_get_custom_templates_no_403" time="0.904" /><testcase classname="tests.test_cr061_gate_removal" name="test_health_check" time="0.234" /></testsuite></testsuites>