<?xml version="1.0" encoding="utf-8"?><testsuites name="pytest tests"><testsuite name="pytest" errors="0" failures="0" skipped="0" tests="26" time="18.397" timestamp="2026-08-18T02:43:17.811908+00:00" hostname="agent-env-7f460612-82b6-46a9-8104-e54c56abe7b1"><testcase classname="tests.test_cr079_081_080.TestCR081CouponManagement" name="test_v1_list_coupons" time="7.348" /><testcase classname="tests.test_cr079_081_080.TestCR080LoyaltyWallet" name="test_v1_loyalty_settings" time="6.333" /><testcase classname="tests.test_cr079_081_080.TestCR080LoyaltyWallet" name="test_v2_points_history" time="0.881" /><testcase classname="tests.test_cr079_081_080.TestCR080LoyaltyWallet" name="test_v3_award_100_points" time="1.348" /><testcase classname="tests.test_cr079_081_080.TestCR081CouponManagement" name="test_v2_list_active_only" time="0.871" /><testcase classname="tests.test_cr079_081_080.TestCR081CouponManagement" name="test_v3_create_coupon" time="0.847" /><testcase classname="tests.test_cr079_081_080.TestCR080LoyaltyWallet" name="test_v4_award_1001_points_fails" time="1.090" /><testcase classname="tests.test_cr079_081_080.TestCR081CouponManagement" name="test_v4_duplicate_code_fails" time="0.671" /><testcase classname="tests.test_cr079_081_080.TestCR080LoyaltyWallet" name="test_v5_award_negative_points_fails" time="0.387" /><testcase classname="tests.test_cr079_081_080.TestCR081CouponManagement" name="test_v5_update_coupon" time="1.104" /><testcase classname="tests.test_cr079_081_080.TestCR080LoyaltyWallet" name="test_v6_award_nonexistent_customer_fails" time="0.642" /><testcase classname="tests.test_cr079_081_080.TestCR080LoyaltyWallet" name="test_v7_wallet_history" time="0.821" /><testcase classname="tests.test_cr079_081_080.TestCR081CouponManagement" name="test_v6_toggle_coupon" time="1.486" /><testcase classname="tests.test_cr079_081_080.TestCR080LoyaltyWallet" name="test_v8_wallet_credit_without_payment_method_fails" time="0.414" /><testcase classname="tests.test_cr079_081_080.TestCR080LoyaltyWallet" name="test_v9_wallet_credit_negative_amount_fails" time="0.366" /><testcase classname="tests.test_cr079_081_080.TestCR080LoyaltyWallet" name="test_v10_regression_loyalty_endpoint" time="0.804" /><testcase classname="tests.test_cr079_081_080.TestCR081CouponManagement" name="test_v8_distribute_with_customer_id" time="1.105" /><testcase classname="tests.test_cr079_081_080.TestCR079CustomerEdit" name="test_v1_update_without_pos_id" time="1.052" /><testcase classname="tests.test_cr079_081_080.TestCR081CouponManagement" name="test_v9_distribute_without_customer_id_fails" time="0.359" /><testcase classname="tests.test_cr079_081_080.TestCR081CouponManagement" name="test_v10_usage_returns_data" time="0.893" /><testcase classname="tests.test_cr079_081_080.TestCR079CustomerEdit" name="test_v2_update_with_pos_id" time="1.041" /><testcase classname="tests.test_cr079_081_080.TestCR081CouponManagement" name="test_v11_regression_available_coupons" time="1.447" /><testcase classname="tests.test_cr079_081_080.TestCR079CustomerEdit" name="test_v3_response_has_full_customer_fields" time="1.045" /><testcase classname="tests.test_cr079_081_080.TestCR081CouponManagement" name="test_v7_delete_coupon" time="1.936" /><testcase classname="tests.test_cr079_081_080.TestCR079CustomerEdit" name="test_v4_no_id_field_in_response" time="1.131" /><testcase classname="tests.test_cr079_081_080.TestCR079CustomerEdit" name="test_v5_nonexistent_customer_returns_success_false" time="0.621" /></testsuite></testsuites>