<?xml version="1.0" encoding="utf-8"?><testsuites name="pytest tests"><testsuite name="pytest" errors="0" failures="0" skipped="0" tests="38" time="47.580" timestamp="2026-07-03T22:50:01.471028+00:00" hostname="agent-env-3549eee1-e484-4fc9-acd1-106eaf438af3"><testcase classname="tests.test_bug009_cr042_cr043.TestExportAuth" name="test_missing_auth_rejected" time="0.271" /><testcase classname="tests.test_bug009_cr042_cr043.TestExportAuth" name="test_invalid_token_rejected" time="0.137" /><testcase classname="tests.test_bug009_cr042_cr043.TestExportFormat" name="test_format_pdf_returns_400" time="0.358" /><testcase classname="tests.test_bug009_cr042_cr043.TestExportFormat" name="test_format_missing_defaults_to_csv" time="1.775" /><testcase classname="tests.test_bug009_cr042_cr043.TestExportFormat" name="test_format_junk_returns_400" time="0.371" /><testcase classname="tests.test_bug009_cr042_cr043.TestExportCSV" name="test_csv_download_headers" time="0.816" /><testcase classname="tests.test_bug009_cr042_cr043.TestExportCSV" name="test_csv_has_exactly_12_columns_in_locked_order" time="0.858" /><testcase classname="tests.test_bug009_cr042_cr043.TestExportCSV" name="test_csv_row_count_matches_header" time="0.806" /><testcase classname="tests.test_bug009_cr042_cr043.TestExportCSV" name="test_csv_status_filter_honoured" time="0.568" /><testcase classname="tests.test_bug009_cr042_cr043.TestExportCSV" name="test_csv_zero_rows_still_has_header" time="0.562" /><testcase classname="tests.test_bug009_cr042_cr043.TestExportXLSX" name="test_xlsx_content_type_and_extension" time="0.856" /><testcase classname="tests.test_bug009_cr042_cr043.TestExportXLSX" name="test_xlsx_headers_row_has_orange_fill_and_white_bold_font" time="1.141" /><testcase classname="tests.test_bug009_cr042_cr043.TestExportRunAndCampaignFilter" name="test_run_id_filter_narrows_results" time="2.600" /><testcase classname="tests.test_bug009_cr042_cr043.TestExportRunAndCampaignFilter" name="test_message_logs_endpoint_supports_run_id_param" time="1.603" /><testcase classname="tests.test_bug009_cr042_cr043.TestExportRunAndCampaignFilter" name="test_message_logs_run_id_narrows_count" time="1.345" /><testcase classname="tests.test_bug009_cr042_cr043.TestTagsCatalog" name="test_tags_default_returns_string_array_backcompat" time="0.551" /><testcase classname="tests.test_bug009_cr042_cr043.TestTagsCatalog" name="test_tags_with_counts_returns_objects_sorted_desc" time="0.793" /><testcase classname="tests.test_bug009_cr042_cr043.TestTagsCatalog" name="test_tags_with_counts_includes_zero_count_catalog_tags" time="1.370" /><testcase classname="tests.test_bug009_cr042_cr043.TestCustomersTagFilter" name="test_customers_no_tag_filter_returns_all" time="1.061" /><testcase classname="tests.test_bug009_cr042_cr043.TestCustomersTagFilter" name="test_customers_empty_tags_param_is_noop" time="2.112" /><testcase classname="tests.test_bug009_cr042_cr043.TestCustomersTagFilter" name="test_customers_tag_any_mode" time="1.370" /><testcase classname="tests.test_bug009_cr042_cr043.TestCustomersTagFilter" name="test_customers_tag_all_mode_is_intersection" time="1.915" /><testcase classname="tests.test_bug009_cr042_cr043.TestCustomersTagFilter" name="test_customers_tag_mode_default_is_any" time="1.963" /><testcase classname="tests.test_bug009_cr042_cr043.TestCustomersTagFilter" name="test_customers_tags_non_existent_returns_zero" time="0.568" /><testcase classname="tests.test_bug009_cr042_cr043.TestTagRowEndpoints" name="test_add_and_remove_tag_roundtrip" time="4.993" /><testcase classname="tests.test_bug009_cr042_cr043.TestOtherFiltersRegression" name="test_customers_tier_filter_still_works" time="0.571" /><testcase classname="tests.test_bug009_cr042_cr043.TestOtherFiltersRegression" name="test_customers_type_filter_still_works" time="1.086" /><testcase classname="tests.test_cr039_webhook.TestLoginRegression" name="test_owner_login_returns_jwt" time="3.087" /><testcase classname="tests.test_cr039_webhook.TestNoLogid" name="test_missing_logid_returns_200_with_error" time="0.338" /><testcase classname="tests.test_cr039_webhook.TestNoLogid" name="test_missing_logid_persists_callback_log" time="1.397" /><testcase classname="tests.test_cr039_webhook.TestNoMatchingRow" name="test_synthetic_logid_no_matching_row" time="1.032" /><testcase classname="tests.test_cr039_webhook.TestAmbiguousRow" name="test_ambiguous_row_no_mutation" time="1.477" /><testcase classname="tests.test_cr039_webhook.TestCompositeLookupCorrectRow" name="test_correct_row_updated_others_untouched" time="1.889" /><testcase classname="tests.test_cr039_webhook.TestFormUrlEncoded" name="test_form_urlencoded_parsed_correctly" time="1.034" /><testcase classname="tests.test_cr039_webhook.TestDuplicateDelivered" name="test_duplicate_delivered_is_transition_ignored" time="1.483" /><testcase classname="tests.test_cr039_webhook.TestFallbackNoMobile" name="test_no_mobile_falls_back_to_message_id_only" time="1.424" /><testcase classname="tests.test_cr039_webhook.TestPersistence" name="test_callback_log_has_all_required_fields" time="1.018" /><testcase classname="tests.test_cr039_webhook.TestUnknownStatus" name="test_unknown_status_returns_error_and_persists" time="0.787" /></testsuite></testsuites>