<?xml version="1.0" encoding="utf-8"?><testsuites name="pytest tests"><testsuite name="pytest" errors="0" failures="0" skipped="0" tests="11" time="20.525" timestamp="2026-03-10T17:06:52.132428+00:00" hostname="agent-env-2a5aa55b-ad0e-4147-9a5b-e334195cf159"><testcase classname="tests.test_segments_crm.TestDemoLogin" name="test_demo_login_success" time="0.412" /><testcase classname="tests.test_segments_crm.TestSegmentsPreviewCount" name="test_preview_count_no_auth_returns_403" time="0.111" /><testcase classname="tests.test_segments_crm.TestSegmentsPreviewCount" name="test_preview_count_with_auth_empty_filters" time="0.937" /><testcase classname="tests.test_segments_crm.TestSegmentsPreviewCount" name="test_preview_count_with_tier_filter" time="0.946" /><testcase classname="tests.test_segments_crm.TestSegmentsPreviewCount" name="test_preview_count_with_multiple_filters" time="0.933" /><testcase classname="tests.test_segments_crm.TestSegmentsCRUD" name="test_list_segments" time="2.863" /><testcase classname="tests.test_segments_crm.TestSegmentsCRUD" name="test_create_segment" time="0.996" /><testcase classname="tests.test_segments_crm.TestSegmentsCRUD" name="test_get_segment_customers" time="4.323" /><testcase classname="tests.test_segments_crm.TestCustomersPage" name="test_list_customers" time="1.200" /><testcase classname="tests.test_segments_crm.TestCustomersPage" name="test_customer_segments_stats" time="3.550" /><testcase classname="tests.test_segments_crm.TestCleanup" name="test_cleanup_test_segments" time="4.149" /></testsuite></testsuites>