<?xml version="1.0" encoding="utf-8"?><testsuites name="pytest tests"><testsuite name="pytest" errors="0" failures="0" skipped="0" tests="15" time="17.665" timestamp="2026-06-26T15:37:57.331271+00:00" hostname="agent-env-471006d1-4993-4f7a-8820-9176090f5ece"><testcase classname="backend.tests.test_cr030_freshmarketer_webhook.TestHealth" name="test_health_endpoint" time="6.605" /><testcase classname="backend.tests.test_cr030_freshmarketer_webhook.TestAuth" name="test_webhook_401_without_api_key" time="0.121" /><testcase classname="backend.tests.test_cr030_freshmarketer_webhook.TestAuth" name="test_webhook_401_with_wrong_key" time="0.334" /><testcase classname="backend.tests.test_cr030_freshmarketer_webhook.TestEventFiltering" name="test_unsupported_event_list_remove_contact" time="0.830" /><testcase classname="backend.tests.test_cr030_freshmarketer_webhook.TestEventFiltering" name="test_unsupported_event_other" time="0.814" /><testcase classname="backend.tests.test_cr030_freshmarketer_webhook.TestIdempotency" name="test_idempotency_replay" time="1.375" /><testcase classname="backend.tests.test_cr030_freshmarketer_webhook.TestValidation" name="test_mobile_required_when_both_missing" time="0.571" /><testcase classname="backend.tests.test_cr030_freshmarketer_webhook.TestValidation" name="test_template_id_required_when_missing" time="0.566" /><testcase classname="backend.tests.test_cr030_freshmarketer_webhook.TestValidation" name="test_mobile_fallback_from_contact" time="0.812" /><testcase classname="backend.tests.test_cr030_freshmarketer_webhook.TestValidation" name="test_int_mobile_coerced_to_str" time="0.830" /><testcase classname="backend.tests.test_cr030_freshmarketer_webhook.TestValidation" name="test_template_not_found_for_unknown_template_id" time="0.816" /><testcase classname="backend.tests.test_cr030_freshmarketer_webhook.TestAuthkeyWidMissing" name="test_authkey_wid_missing" time="1.388" /><testcase classname="backend.tests.test_cr030_freshmarketer_webhook.TestRegression" name="test_get_templates_still_works" time="0.578" /><testcase classname="backend.tests.test_cr030_freshmarketer_webhook.TestRegression" name="test_post_send_direct_send_still_works" time="1.159" /><testcase classname="backend.tests.test_cr030_freshmarketer_webhook.TestFullEnvelopeAccepted" name="test_full_envelope_accepted_returns_200" time="0.811" /></testsuite></testsuites>