<?xml version="1.0" encoding="utf-8"?><testsuites name="pytest tests"><testsuite name="pytest" errors="0" failures="2" skipped="0" tests="16" time="41.080" timestamp="2026-04-13T17:25:24.385592+00:00" hostname="agent-env-f6fb3387-22a6-44ab-ba48-b8aa60190830"><testcase classname="backend.tests.test_address_crud.TestAuthAndBasics" name="test_login_success" time="2.682" /><testcase classname="backend.tests.test_address_crud.TestAuthAndBasics" name="test_login_invalid_credentials" time="1.527" /><testcase classname="backend.tests.test_address_crud.TestAuthAndBasics" name="test_get_customers_list" time="9.759" /><testcase classname="backend.tests.test_address_crud.TestAuthAndBasics" name="test_dashboard_loads" time="0.050"><failure message="assert 404 == 200&#10; +  where 404 = &lt;Response [404]&gt;.status_code">backend/tests/test_address_crud.py:81: in test_dashboard_loads
    assert response.status_code == 200
E   assert 404 == 200
E    +  where 404 = &lt;Response [404]&gt;.status_code</failure></testcase><testcase classname="backend.tests.test_address_crud.TestCustomerDetail" name="test_get_customer_detail" time="4.733" /><testcase classname="backend.tests.test_address_crud.TestCustomerDetail" name="test_get_points_transactions" time="0.509" /><testcase classname="backend.tests.test_address_crud.TestCustomerDetail" name="test_get_wallet_transactions" time="0.509" /><testcase classname="backend.tests.test_address_crud.TestCustomerDetail" name="test_get_expiring_points" time="0.965" /><testcase classname="backend.tests.test_address_crud.TestAddressCRUD" name="test_list_addresses" time="3.661" /><testcase classname="backend.tests.test_address_crud.TestAddressCRUD" name="test_create_address" time="1.291" /><testcase classname="backend.tests.test_address_crud.TestAddressCRUD" name="test_update_address" time="2.011" /><testcase classname="backend.tests.test_address_crud.TestAddressCRUD" name="test_delete_address" time="2.031" /><testcase classname="backend.tests.test_address_crud.TestAddressCRUD" name="test_set_default_address" time="2.762" /><testcase classname="backend.tests.test_address_crud.TestAddressCRUD" name="test_address_validation_error" time="0.517" /><testcase classname="backend.tests.test_address_crud.TestCustomerCRUD" name="test_create_customer_then_add_address" time="5.143"><failure message="AssertionError: Add address failed: {&quot;detail&quot;:&quot;Customer not found&quot;}&#10;assert 404 == 200&#10; +  where 404 = &lt;Response [404]&gt;.status_code">backend/tests/test_address_crud.py:404: in test_create_customer_then_add_address
    assert addr_response.status_code == 200, f"Add address failed: {addr_response.text}"
E   AssertionError: Add address failed: {"detail":"Customer not found"}
E   assert 404 == 200
E    +  where 404 = &lt;Response [404]&gt;.status_code</failure></testcase><testcase classname="backend.tests.test_address_crud.TestLoyaltyEndpoints" name="test_get_loyalty_settings" time="2.702" /></testsuite></testsuites>