<?xml version="1.0" encoding="utf-8"?><testsuites name="pytest tests"><testsuite name="pytest" errors="0" failures="0" skipped="0" tests="18" time="35.049" timestamp="2026-06-18T17:38:46.011657+00:00" hostname="agent-env-cc511585-de01-49af-9a9b-3d577b5c408b"><testcase classname="tests.test_cr014_cr023_qa.TestCR014ProfileFields" name="test_ac1_profile_fields_save_and_persist" time="10.358" /><testcase classname="tests.test_cr014_cr023_qa.TestCR014ProfileFields" name="test_ac2_gstin_regex_rejects_invalid" time="0.349" /><testcase classname="tests.test_cr014_cr023_qa.TestCR014ProfileFields" name="test_ac2_gstin_regex_rejects_short" time="0.350" /><testcase classname="tests.test_cr014_cr023_qa.TestCR014ProfileFields" name="test_ac2_gstin_blank_allowed" time="1.636" /><testcase classname="tests.test_cr014_cr023_qa.TestCR014ProfileFields" name="test_ac3_bill_settings_merge" time="2.804" /><testcase classname="tests.test_cr014_cr023_qa.TestCR014ProfileFields" name="test_ac4_logo_upload" time="0.696" /><testcase classname="tests.test_cr014_cr023_qa.TestCR014InvoiceEndpoints" name="test_invoice_404_for_nonexistent_token" time="3.752" /><testcase classname="tests.test_cr014_cr023_qa.TestCR014InvoiceEndpoints" name="test_ac5_invoice_html_renders" time="0.695" /><testcase classname="tests.test_cr014_cr023_qa.TestCR014InvoiceEndpoints" name="test_ac6_invoice_pdf" time="0.348" /><testcase classname="tests.test_cr014_cr023_qa.TestCR023TemplateBuilder" name="test_ac1_create_template_draft" time="3.536" /><testcase classname="tests.test_cr014_cr023_qa.TestCR023TemplateBuilder" name="test_ac2_list_custom_templates" time="0.624" /><testcase classname="tests.test_cr014_cr023_qa.TestCR023TemplateBuilder" name="test_ac3_check_template_name" time="0.909" /><testcase classname="tests.test_cr014_cr023_qa.TestCR023TemplateBuilder" name="test_ac4_v1_single_brace_detection" time="0.590" /><testcase classname="tests.test_cr014_cr023_qa.TestCR023TemplateBuilder" name="test_ac5_v2_sequential_variables" time="0.574" /><testcase classname="tests.test_cr014_cr023_qa.TestCR023TemplateBuilder" name="test_ac6_v3_footer_no_variables" time="0.584" /><testcase classname="tests.test_cr014_cr023_qa.TestCR023TemplateBuilder" name="test_ac7_v4_header_max_one_variable" time="0.591" /><testcase classname="tests.test_cr014_cr023_qa.TestCR023TemplateBuilder" name="test_delete_test_templates" time="1.883" /><testcase classname="tests.test_cr014_cr023_qa.TestCR023MetaCredentialsMissing" name="test_check_template_name_credentials_missing" time="4.681" /></testsuite></testsuites>