<?xml version="1.0" encoding="utf-8"?><testsuites name="pytest tests"><testsuite name="pytest" errors="0" failures="0" skipped="0" tests="18" time="31.161" timestamp="2026-06-18T17:33:20.628232+00:00" hostname="agent-env-cc511585-de01-49af-9a9b-3d577b5c408b"><testcase classname="tests.test_campaigns_api.TestHealthEndpoint" name="test_health_returns_healthy" time="3.831" /><testcase classname="tests.test_campaigns_api.TestCampaignCRUD" name="test_create_campaign" time="5.136" /><testcase classname="tests.test_campaigns_api.TestCampaignCRUD" name="test_create_campaign_requires_name" time="0.288" /><testcase classname="tests.test_campaigns_api.TestCampaignCRUD" name="test_list_campaigns" time="1.596" /><testcase classname="tests.test_campaigns_api.TestCampaignCRUD" name="test_get_single_campaign" time="1.584" /><testcase classname="tests.test_campaigns_api.TestCampaignCRUD" name="test_get_nonexistent_campaign" time="0.528" /><testcase classname="tests.test_campaigns_api.TestCampaignCRUD" name="test_update_campaign" time="2.685" /><testcase classname="tests.test_campaigns_api.TestCampaignCRUD" name="test_delete_campaign" time="1.622" /><testcase classname="tests.test_campaigns_api.TestDailyLimit" name="test_get_daily_limit" time="0.534" /><testcase classname="tests.test_campaigns_api.TestPauseResume" name="test_pause_requires_scheduled_status" time="1.621" /><testcase classname="tests.test_campaigns_api.TestPauseResume" name="test_resume_requires_paused_status" time="1.595" /><testcase classname="tests.test_campaigns_api.TestClone" name="test_clone_campaign" time="2.357" /><testcase classname="tests.test_campaigns_api.TestClone" name="test_clone_nonexistent_campaign" time="0.530" /><testcase classname="tests.test_campaigns_api.TestEditGuard" name="test_edit_guard_allows_name_change_on_draft" time="2.072" /><testcase classname="tests.test_campaigns_api.TestTestSend" name="test_test_send_requires_phone" time="1.352" /><testcase classname="tests.test_campaigns_api.TestTestSend" name="test_test_send_requires_template" time="1.597" /><testcase classname="tests.test_campaigns_api.TestCampaignRuns" name="test_get_campaign_runs" time="1.586" /><testcase classname="tests.test_campaigns_api.TestCampaignRuns" name="test_get_all_campaign_runs" time="0.531" /></testsuite></testsuites>