<?xml version="1.0" encoding="utf-8"?><testsuites name="pytest tests"><testsuite name="pytest" errors="0" failures="0" skipped="0" tests="12" time="51.360" timestamp="2026-08-04T17:32:57.554890+00:00" hostname="agent-env-06254d58-8c0b-4be2-aa57-d29bb8e1c076"><testcase classname="tests.test_cr071_cr072" name="test_T4_whatsapp_variables_contain_gst" time="7.627" /><testcase classname="tests.test_cr071_cr072" name="test_T5_is_b2b_in_customer_list_and_detail" time="14.423" /><testcase classname="tests.test_cr071_cr072" name="test_T1_pos_order_with_gst_sets_b2b" time="2.976" /><testcase classname="tests.test_cr071_cr072" name="test_T2_pos_order_without_gst_preserves_b2b" time="2.971" /><testcase classname="tests.test_cr071_cr072" name="test_T3_T13_customer_lookup_includes_b2b_and_existing_fields" time="1.056" /><testcase classname="tests.test_cr071_cr072" name="test_T7_invalid_doc_type" time="0.372" /><testcase classname="tests.test_cr071_cr072" name="test_T7_invalid_content_type" time="0.421" /><testcase classname="tests.test_cr071_cr072" name="test_T6_upload_returns_id_and_url" time="2.585" /><testcase classname="tests.test_cr071_cr072" name="test_T8_pos_get_documents" time="0.839" /><testcase classname="tests.test_cr071_cr072" name="test_T9_crm_get_documents" time="0.835" /><testcase classname="tests.test_cr071_cr072" name="test_T10_lookup_includes_documents" time="1.057" /><testcase classname="tests.test_cr071_cr072" name="test_T12_max_5_docs_per_type" time="16.110" /></testsuite></testsuites>