<?xml version="1.0" encoding="utf-8"?><testsuites name="pytest tests"><testsuite name="pytest" errors="0" failures="0" skipped="1" tests="18" time="5.266" timestamp="2026-06-26T06:23:05.343547+00:00" hostname="agent-env-471006d1-4993-4f7a-8820-9176090f5ece"><testcase classname="backend.tests.test_cr_direct_send.TestPOSTemplates" name="test_list_templates_returns_200" time="0.706" /><testcase classname="backend.tests.test_cr_direct_send.TestPOSTemplates" name="test_list_templates_field_structure" time="0.520" /><testcase classname="backend.tests.test_cr_direct_send.TestPOSTemplates" name="test_list_templates_no_auth_returns_401" time="0.043" /><testcase classname="backend.tests.test_cr_direct_send.TestPOSTemplates" name="test_list_templates_wrong_key" time="0.280" /><testcase classname="backend.tests.test_cr_direct_send.TestPOSSend" name="test_send_template_not_found" time="0.520" /><testcase classname="backend.tests.test_cr_direct_send.TestPOSSend" name="test_send_template_missing_fields_422" time="0.281" /><testcase classname="backend.tests.test_cr_direct_send.TestPOSSend" name="test_send_no_auth_401" time="0.042" /><testcase classname="backend.tests.test_cr_direct_send.TestPOSSend" name="test_send_with_unsynced_template" time="1.040" /><testcase classname="backend.tests.test_cr_direct_send.TestPOSSend" name="test_send_with_synced_template" time="0.518"><skipped type="pytest.skip" message="No synced templates available">/app/backend/tests/test_cr_direct_send.py:135: No synced templates available</skipped></testcase><testcase classname="backend.tests.test_cr_direct_send.TestPOSRegression" name="test_pos_orders_post_endpoint_exists" time="0.043" /><testcase classname="backend.tests.test_cr_direct_send.TestPOSRegression" name="test_pos_customers_list_returns_200" time="0.280" /><testcase classname="backend.tests.test_cr_direct_send.TestPOSRegression" name="test_pos_create_customer_duplicate_returns_info" time="0.525" /><testcase classname="backend.tests.test_cr_direct_send.TestWhatsappTemplatesRegression" name="test_list_custom_templates_no_auth" time="0.042" /><testcase classname="backend.tests.test_cr_direct_send.TestWhatsappTemplatesRegression" name="test_create_custom_template_no_auth" time="0.042" /><testcase classname="backend.tests.test_cr_direct_send.TestWhatsappTemplatesRegression" name="test_update_custom_template_no_auth" time="0.043" /><testcase classname="backend.tests.test_cr_direct_send.TestWhatsappTemplatesRegression" name="test_delete_custom_template_no_auth" time="0.061" /><testcase classname="backend.tests.test_cr_direct_send.TestWhatsappTemplatesRegression" name="test_patch_labels_no_auth" time="0.178" /><testcase classname="backend.tests.test_cr_direct_send.TestWhatsappTemplatesRegression" name="test_sync_authkey_no_auth" time="0.043" /></testsuite></testsuites>