<?xml version="1.0" encoding="utf-8"?><testsuites name="pytest tests"><testsuite name="pytest" errors="0" failures="0" skipped="0" tests="12" time="13.052" timestamp="2026-06-26T15:58:24.768331+00:00" hostname="agent-env-471006d1-4993-4f7a-8820-9176090f5ece"><testcase classname="backend.tests.test_cr030_freshmarketer_webhook_v2.TestWebhookRawFormat" name="test_exact_user_payload_returns_200" time="4.562" /><testcase classname="backend.tests.test_cr030_freshmarketer_webhook_v2.TestWebhookRawFormat" name="test_template_not_found_for_user_payload_template" time="0.791" /><testcase classname="backend.tests.test_cr030_freshmarketer_webhook_v2.TestWebhookRawFormat" name="test_no_422_on_integer_event_time" time="0.852" /><testcase classname="backend.tests.test_cr030_freshmarketer_webhook_v2.TestWebhookRawFormat" name="test_no_422_on_string_event_time" time="0.786" /><testcase classname="backend.tests.test_cr030_freshmarketer_webhook_v2.TestWebhookRawFormat" name="test_no_422_on_integer_list_id_contact_id" time="0.783" /><testcase classname="backend.tests.test_cr030_freshmarketer_webhook_v2.TestWebhookRawFormat" name="test_body_wrapper_removed_not_needed" time="0.803" /><testcase classname="backend.tests.test_cr030_freshmarketer_webhook_v2.TestWebhookIdempotency" name="test_idempotency_same_id_returns_replayed" time="1.360" /><testcase classname="backend.tests.test_cr030_freshmarketer_webhook_v2.TestWebhookEventFiltering" name="test_unsupported_event_returns_ignored" time="0.794" /><testcase classname="backend.tests.test_cr030_freshmarketer_webhook_v2.TestWebhookValidationErrors" name="test_missing_template_id_returns_template_id_required" time="0.578" /><testcase classname="backend.tests.test_cr030_freshmarketer_webhook_v2.TestWebhookValidationErrors" name="test_missing_mobile_returns_mobile_required" time="0.562" /><testcase classname="backend.tests.test_cr030_freshmarketer_webhook_v2.TestRegressionChecks" name="test_get_templates_still_works" time="0.552" /><testcase classname="backend.tests.test_cr030_freshmarketer_webhook_v2.TestRegressionChecks" name="test_direct_send_missing_template_returns_not_found" time="0.565" /></testsuite></testsuites>