<?xml version="1.0" encoding="utf-8"?><testsuites name="pytest tests"><testsuite name="pytest" errors="0" failures="0" skipped="0" tests="9" time="35.151" timestamp="2026-06-18T19:58:31.278675+00:00" hostname="agent-env-cc511585-de01-49af-9a9b-3d577b5c408b"><testcase classname="backend.tests.test_cr028_bug008_pos_key_settings.TestCR028BUG008POSKeySettings" name="test_R1_health_endpoint" time="2.233" /><testcase classname="backend.tests.test_cr028_bug008_pos_key_settings.TestCR028BUG008POSKeySettings" name="test_R2_login_returns_tokens" time="3.633" /><testcase classname="backend.tests.test_cr028_bug008_pos_key_settings.TestCR028BUG008POSKeySettings" name="test_R3_auth_me_returns_profile" time="3.219" /><testcase classname="backend.tests.test_cr028_bug008_pos_key_settings.TestCR028BUG008POSKeySettings" name="test_CR028_AC5_get_pos_api_key" time="2.996" /><testcase classname="backend.tests.test_cr028_bug008_pos_key_settings.TestCR028BUG008POSKeySettings" name="test_BUG008_AC3_regenerate_api_key" time="5.380" /><testcase classname="backend.tests.test_cr028_bug008_pos_key_settings.TestCR028BUG008POSKeySettings" name="test_BUG008_AC4_regenerate_resets_and_sets_flag" time="4.903" /><testcase classname="backend.tests.test_cr028_bug008_pos_key_settings.TestCR028BUG008POSKeySettings" name="test_pos_auth_with_new_key" time="4.472" /><testcase classname="backend.tests.test_cr028_bug008_pos_key_settings.TestCR028BUG008POSKeySettings" name="test_old_key_no_longer_works" time="5.863" /><testcase classname="backend.tests.test_cr028_bug008_pos_key_settings.TestBUG008LoginPushSkip" name="test_BUG008_AC1_login_push_skipped_for_registered_user" time="2.344" /></testsuite></testsuites>