<?xml version="1.0" encoding="utf-8"?><testsuites name="pytest tests"><testsuite name="pytest" errors="0" failures="0" skipped="0" tests="9" time="46.281" timestamp="2026-08-04T19:30:42.059681+00:00" hostname="agent-env-06254d58-8c0b-4be2-aa57-d29bb8e1c076"><testcase classname="tests.test_crm_bugs_iter3.TestCRM1_AutoDeriveB2B" name="test_put_gst_number_auto_upgrades_to_corporate" time="15.905" /><testcase classname="tests.test_crm_bugs_iter3.TestCRM1_AutoDeriveB2B" name="test_post_gst_number_creates_as_corporate" time="1.959" /><testcase classname="tests.test_crm_bugs_iter3.TestCRM1_AutoDeriveB2B" name="test_post_with_explicit_normal_but_gst_still_upgrades" time="1.970" /><testcase classname="tests.test_crm_bugs_iter3.TestCRM1_AutoDeriveB2B" name="test_put_without_gst_number_does_not_upgrade" time="5.872" /><testcase classname="tests.test_crm_bugs_iter3.TestCRM4_SearchIncludesB2BFields" name="test_search_returns_b2b_fields" time="4.371" /><testcase classname="tests.test_crm_bugs_iter3.TestCRM4_SearchIncludesB2BFields" name="test_search_non_b2b_still_has_fields" time="4.400" /><testcase classname="tests.test_crm_bugs_iter3.TestRegression" name="test_customer_lookup_returns_b2b_and_documents" time="4.754" /><testcase classname="tests.test_crm_bugs_iter3.TestRegression" name="test_whatsapp_variables_include_gst" time="0.168" /><testcase classname="tests.test_crm_bugs_iter3.TestRegression" name="test_document_upload_still_works" time="6.792" /></testsuite></testsuites>